{"level":"info","message":"Server run on 0.0.0.0:443 (secure: true)","timestamp":"2014-11-03T23:39:56.677Z"}
{"domain":{"domain":null,"_events":{},"_maxListeners":10,"members":[]},"domainThrown":true,"level":"error","message":"serverDomain: ","timestamp":"2014-11-03T23:47:18.381Z"}
{"level":"info","message":"DB connected","timestamp":"2014-11-03T23:47:18.460Z"}
{"level":"info","message":"Server run on 0.0.0.0:443 (secure: true)","timestamp":"2014-11-03T23:48:28.489Z"}
{"level":"info","message":"DB connected","timestamp":"2014-11-03T23:48:28.583Z"}
{"level":"info","message":"Server run on 0.0.0.0:443 (secure: true)","timestamp":"2014-11-03T23:51:34.412Z"}
{"level":"info","message":"MongoDB connected","timestamp":"2014-11-03T23:51:34.506Z"}
{"level":"info","message":"Server run on 0.0.0.0:443 (secure: true)","timestamp":"2014-11-03T23:53:03.782Z"}
{"level":"info","message":"MongoDB connected","timestamp":"2014-11-03T23:53:03.876Z"}
{"level":"info","message":"Server run on 0.0.0.0:443 (secure: true)","timestamp":"2014-11-03T23:55:34.198Z"}
{"level":"info","message":"MongoDB connected","timestamp":"2014-11-03T23:55:34.291Z"}
{"level":"info","message":"Server run on 0.0.0.0:443 (secure: true)","timestamp":"2014-11-03T23:56:31.121Z"}
{"level":"info","message":"MongoDB connected","timestamp":"2014-11-03T23:56:31.199Z"}
{"level":"info","message":"API: /api/user/123","timestamp":"2014-11-03T23:56:38.552Z"}
{"level":"info","message":"Server run on 0.0.0.0:443 (secure: true)","timestamp":"2014-11-03T23:58:36.861Z"}
{"level":"info","message":"MongoDB connected","timestamp":"2014-11-03T23:58:36.939Z"}
{"level":"info","message":"API: /api/user/123","timestamp":"2014-11-03T23:58:43.575Z"}
{"level":"info","message":"API: /api/user/123d","timestamp":"2014-11-03T23:58:49.406Z"}
{"level":"error","message":"API: /api/user/123d > Bad params: id","timestamp":"2014-11-03T23:58:49.414Z"}
{"level":"info","message":"Server run on 0.0.0.0:443 (secure: true)","timestamp":"2014-11-04T00:02:26.580Z"}
{"level":"info","message":"MongoDB connected","timestamp":"2014-11-04T00:02:26.673Z"}
{"level":"info","message":"API: /api/user/123d","timestamp":"2014-11-04T00:02:49.749Z"}
{"level":"error","message":"API: Bad params: id","timestamp":"2014-11-04T00:02:49.753Z"}
{"level":"info","message":"API: /api/user/","timestamp":"2014-11-04T00:02:56.714Z"}
{"level":"error","message":"API: Bad user id","timestamp":"2014-11-04T00:02:56.719Z"}
{"level":"info","message":"API: /api/","timestamp":"2014-11-04T00:03:07.172Z"}
{"level":"error","message":"API: API v1, read help","timestamp":"2014-11-04T00:03:07.172Z"}
{"level":"info","message":"Server run on 0.0.0.0:443 (secure: true)","timestamp":"2014-11-04T00:05:16.944Z"}
{"level":"error","message":"MongoDB connection error: failed to connect to [localhost:27017]","timestamp":"2014-11-04T00:05:17.995Z"}
{"level":"info","message":"Server run on 0.0.0.0:443 (secure: true)","timestamp":"2014-11-04T00:06:12.000Z"}
{"level":"info","message":"MongoDB connected","timestamp":"2014-11-04T00:06:12.094Z"}
{"level":"info","message":"Server run on 0.0.0.0:443 (secure: true)","timestamp":"2014-11-04T00:07:25.747Z"}
{"level":"info","message":"MongoDB connected","timestamp":"2014-11-04T00:07:25.841Z"}
{"level":"info","message":"C:\\NodeAPI\\app../public","timestamp":"2014-11-04T00:09:44.094Z"}
{"level":"info","message":"Server run on 0.0.0.0:443 (secure: true)","timestamp":"2014-11-04T00:09:44.157Z"}
{"level":"info","message":"MongoDB connected","timestamp":"2014-11-04T00:09:44.235Z"}
{"level":"info","message":"C:\\NodeAPI\\app../public","timestamp":"2014-11-04T00:11:05.675Z"}
{"level":"info","message":"Server run on 0.0.0.0:443 (secure: true)","timestamp":"2014-11-04T00:11:05.753Z"}
{"level":"info","message":"MongoDB connected","timestamp":"2014-11-04T00:11:05.831Z"}
{"level":"info","message":"C:\\NodeAPI\\public","timestamp":"2014-11-04T00:15:35.605Z"}
{"level":"info","message":"Server run on 0.0.0.0:443 (secure: true)","timestamp":"2014-11-04T00:15:35.673Z"}
{"level":"error","message":"MongoDB connection error: failed to connect to [localhost:27017]","timestamp":"2014-11-04T00:15:36.688Z"}
{"level":"info","message":"Server run on 0.0.0.0:443 (secure: true)","timestamp":"2014-11-04T00:17:16.107Z"}
{"level":"error","message":"MongoDB connection error: failed to connect to [localhost:27017]","timestamp":"2014-11-04T00:17:17.120Z"}
{"level":"info","message":"Server run on 0.0.0.0:443 (secure: true)","timestamp":"2014-11-04T00:33:28.445Z"}
{"level":"error","message":"MongoDB connection error: failed to connect to [localhost:27017]","timestamp":"2014-11-04T00:33:29.491Z"}
{"level":"info","message":"API: /api","timestamp":"2014-11-04T00:33:39.564Z"}
{"level":"error","message":"API: API v1, read help","timestamp":"2014-11-04T00:33:39.568Z"}
{"level":"info","message":"API: /api/","timestamp":"2014-11-04T00:33:50.467Z"}
{"level":"error","message":"API: API v1, read help","timestamp":"2014-11-04T00:33:50.467Z"}
{"level":"info","message":"API: /api/messages","timestamp":"2014-11-04T00:34:15.347Z"}
{"level":"error","message":"API: Bad params: id","timestamp":"2014-11-04T00:34:15.347Z"}
{"level":"info","message":"API: /api/messages/123","timestamp":"2014-11-04T00:34:22.171Z"}
{"level":"error","message":"API: Bad request","timestamp":"2014-11-04T00:34:22.175Z"}
{"level":"info","message":"Server run on 0.0.0.0:443 (secure: true)","timestamp":"2014-11-04T00:36:30.232Z"}
{"level":"error","message":"MongoDB connection error: failed to connect to [localhost:27017]","timestamp":"2014-11-04T00:36:31.273Z"}
{"level":"info","message":"API: /api/messages/123","timestamp":"2014-11-04T00:36:40.771Z"}
{"level":"error","message":"API: Bad request","timestamp":"2014-11-04T00:36:40.775Z"}
{"level":"info","message":"API: /api/messages/123","timestamp":"2014-11-04T00:36:44.851Z"}
{"level":"error","message":"API: Bad request","timestamp":"2014-11-04T00:36:44.851Z"}
{"level":"info","message":"Server run on 0.0.0.0:443 (secure: true)","timestamp":"2014-11-04T00:37:48.880Z"}
{"level":"error","message":"MongoDB connection error: failed to connect to [localhost:27017]","timestamp":"2014-11-04T00:37:49.938Z"}
{"level":"info","message":"API: /api/messages/123","timestamp":"2014-11-04T00:37:55.246Z"}
{"level":"error","message":"API: Bad request","timestamp":"2014-11-04T00:37:55.250Z"}
{"level":"info","message":"API: /api/messages/123","timestamp":"2014-11-04T00:37:57.959Z"}
{"level":"error","message":"API: Bad request","timestamp":"2014-11-04T00:37:57.959Z"}
{"level":"info","message":"Server run on 0.0.0.0:443 (secure: true)","timestamp":"2014-11-04T00:39:01.845Z"}
{"level":"error","message":"MongoDB connection error: failed to connect to [localhost:27017]","timestamp":"2014-11-04T00:39:02.896Z"}
{"level":"info","message":"API: /api/messages/123","timestamp":"2014-11-04T00:39:11.281Z"}
{"level":"error","message":"API: Bad request","timestamp":"2014-11-04T00:39:11.285Z"}
{"level":"info","message":"API: /api/messages/123g","timestamp":"2014-11-04T00:39:17.226Z"}
{"level":"error","message":"API: Bad request","timestamp":"2014-11-04T00:39:17.230Z"}
{"level":"info","message":"API: /api/messages/123g/","timestamp":"2014-11-04T00:39:20.885Z"}
{"level":"error","message":"API: Bad request","timestamp":"2014-11-04T00:39:20.896Z"}
{"level":"info","message":"API: /api/messages/","timestamp":"2014-11-04T00:39:26.401Z"}
{"level":"info","message":"Server run on 0.0.0.0:443 (secure: true)","timestamp":"2014-11-04T00:41:09.302Z"}
{"level":"error","message":"MongoDB connection error: failed to connect to [localhost:27017]","timestamp":"2014-11-04T00:41:10.339Z"}
{"level":"info","message":"API: /api/messages/","timestamp":"2014-11-04T00:41:18.078Z"}
{"level":"error","message":"API: Bad request","timestamp":"2014-11-04T00:41:18.082Z"}
{"level":"info","message":"API: /api/messages/456","timestamp":"2014-11-04T00:41:23.141Z"}
{"level":"error","message":"API: Bad request","timestamp":"2014-11-04T00:41:23.145Z"}
{"level":"info","message":"API: /api/messages/456/","timestamp":"2014-11-04T00:41:29.466Z"}
{"level":"error","message":"API: Bad request","timestamp":"2014-11-04T00:41:29.470Z"}
{"level":"info","message":"API: /api/messages/","timestamp":"2014-11-04T00:41:35.355Z"}
{"level":"error","message":"API: Bad request","timestamp":"2014-11-04T00:41:35.359Z"}
{"level":"info","message":"API: /api/messa","timestamp":"2014-11-04T00:41:40.339Z"}
{"level":"error","message":"API: Bad request","timestamp":"2014-11-04T00:41:40.343Z"}
{"level":"info","message":"Server run on 0.0.0.0:443 (secure: true)","timestamp":"2014-11-04T00:42:48.211Z"}
{"level":"error","message":"MongoDB connection error: failed to connect to [localhost:27017]","timestamp":"2014-11-04T00:42:49.252Z"}
{"level":"info","message":"API: /api/messa","timestamp":"2014-11-04T00:42:55.652Z"}
{"level":"info","message":"API: /api/messages","timestamp":"2014-11-04T00:43:06.775Z"}
{"level":"info","message":"API: /api/messages/","timestamp":"2014-11-04T00:43:13.091Z"}
{"level":"info","message":"API: /api/messages/345","timestamp":"2014-11-04T00:43:19.780Z"}
{"level":"info","message":"API: /api/message","timestamp":"2014-11-04T00:44:37.736Z"}
{"level":"info","message":"API: /api/messages","timestamp":"2014-11-04T00:44:46.266Z"}
{"level":"info","message":"Server run on 0.0.0.0:443 (secure: true)","timestamp":"2014-11-04T00:47:49.361Z"}
{"level":"info","message":"API: /api/messages","timestamp":"2014-11-04T00:48:06.260Z"}
{"level":"info","message":"API: /api/messages/","timestamp":"2014-11-04T00:48:12.075Z"}
{"level":"info","message":"API: /api/messages/678","timestamp":"2014-11-04T00:48:18.494Z"}
{"level":"info","message":"API: /api/messages/678","timestamp":"2014-11-04T00:48:21.790Z"}
{"level":"info","message":"Server run on 0.0.0.0:443 (secure: true)","timestamp":"2014-11-04T00:50:06.316Z"}
{"level":"info","message":"API: /api/messages/678","timestamp":"2014-11-04T00:50:12.779Z"}
{"level":"info","message":"API: /api/messages/","timestamp":"2014-11-04T00:50:18.782Z"}
{"level":"info","message":"API: /api/messages","timestamp":"2014-11-04T00:50:23.490Z"}
{"level":"info","message":"API: /api/mess","timestamp":"2014-11-04T00:50:24.907Z"}
{"level":"info","message":"API: /api/v1/mess","timestamp":"2014-11-04T00:50:56.502Z"}
{"level":"info","message":"API: /api/v1/mess","timestamp":"2014-11-04T00:50:56.506Z"}
{"level":"info","message":"API: /api/v1/messages","timestamp":"2014-11-04T00:51:03.093Z"}
{"level":"info","message":"Server run on 0.0.0.0:443 (secure: true)","timestamp":"2014-11-04T00:52:45.900Z"}
{"level":"info","message":"API: /api/v1/messages","timestamp":"2014-11-04T00:52:54.261Z"}
{"level":"info","message":"API: /api/v1/messages","timestamp":"2014-11-04T00:52:54.265Z"}
{"level":"info","message":"API: /api/v1/messages/","timestamp":"2014-11-04T00:53:00.992Z"}
{"level":"info","message":"API: /api/v1/messages/","timestamp":"2014-11-04T00:53:00.996Z"}
{"level":"info","message":"API: /api/v1/messages/456","timestamp":"2014-11-04T00:53:06.149Z"}
{"level":"info","message":"Server run on 0.0.0.0:443 (secure: true)","timestamp":"2014-11-04T00:54:53.018Z"}
{"level":"info","message":"API: /api/v1/messages/456","timestamp":"2014-11-04T00:54:57.007Z"}
{"level":"info","message":"API: /api/v1/messages/456j","timestamp":"2014-11-04T00:55:01.976Z"}
{"level":"error","message":"API: Bad params: id","timestamp":"2014-11-04T00:55:01.981Z"}
{"level":"info","message":"API: /api/v1/messages/","timestamp":"2014-11-04T00:55:07.342Z"}
{"level":"error","message":"API: Bad user id","timestamp":"2014-11-04T00:55:07.346Z"}
{"level":"info","message":"API: /api/v1/messages","timestamp":"2014-11-04T00:55:11.943Z"}
{"level":"error","message":"API: Bad user id","timestamp":"2014-11-04T00:55:11.947Z"}
{"level":"info","message":"API: /api/v1/message","timestamp":"2014-11-04T00:55:16.030Z"}
{"level":"info","message":"API: /api/v1/message","timestamp":"2014-11-04T00:55:16.045Z"}
{"level":"info","message":"API: /api/v1/messages/456","timestamp":"2014-11-04T00:55:25.762Z"}
{"level":"info","message":"API: /api/messages/456","timestamp":"2014-11-04T00:55:32.025Z"}
{"level":"info","message":"Server run on 0.0.0.0:443 (secure: true)","timestamp":"2014-11-04T08:42:36.740Z"}
{"level":"info","message":"API: /api","timestamp":"2014-11-04T08:43:41.722Z"}
{"level":"error","message":"API: API v1, read help","timestamp":"2014-11-04T08:43:41.738Z"}
{"level":"info","message":"Server run on 0.0.0.0:443 (secure: true)","timestamp":"2014-11-04T08:45:20.457Z"}
{"level":"info","message":"Server run on 0.0.0.0:443 (secure: true)","timestamp":"2014-11-04T08:49:04.496Z"}
{"level":"info","message":"Server run on 0.0.0.0:443 (secure: true)","timestamp":"2014-11-04T08:53:58.022Z"}
{"level":"info","message":"API: /api","timestamp":"2014-11-04T08:54:54.679Z"}
{"level":"error","message":"API: API v1, read help","timestamp":"2014-11-04T08:54:54.742Z"}
{"level":"info","message":"Server run on 0.0.0.0:443 (secure: true)","timestamp":"2014-11-04T08:59:37.838Z"}
{"level":"error","message":"API: Bad user id","timestamp":"2014-11-04T08:59:51.650Z"}
{"level":"info","message":"API request 1415091591632 GET /messages","timestamp":"2014-11-04T08:59:51.644Z"}
{"level":"info","message":"API request 1415091599309 GET /","timestamp":"2014-11-04T08:59:59.317Z"}
{"level":"error","message":"API: API v1, read help","timestamp":"2014-11-04T08:59:59.317Z"}
{"level":"info","message":"API request 1415091605189 GET /error","timestamp":"2014-11-04T09:00:05.189Z"}
{"level":"error","message":"API: helpme is not defined","timestamp":"2014-11-04T09:00:05.195Z"}
{"level":"info","message":"API request 1415091649980 GET /messages/456","timestamp":"2014-11-04T09:00:49.989Z"}
{"level":"info","message":"API request 1415091654543 GET /messages/456d","timestamp":"2014-11-04T09:00:54.538Z"}
{"level":"error","message":"API: Bad params: id","timestamp":"2014-11-04T09:00:54.538Z"}
{"level":"info","message":"API request 1415091742942 GET /error","timestamp":"2014-11-04T09:02:22.945Z"}
{"level":"error","message":"API: helpme is not defined","timestamp":"2014-11-04T09:02:22.945Z"}
{"level":"info","message":"Server run on 0.0.0.0:443 (secure: true)","timestamp":"2014-11-04T09:04:01.870Z"}
{"level":"info","message":"REQUEST 1415091849874 GET /error","timestamp":"2014-11-04T09:04:09.885Z"}
{"level":"error","message":"API: helpme is not defined","timestamp":"2014-11-04T09:04:09.895Z"}
{"level":"info","message":"REQUEST 1415091868964 GET /messages/error","timestamp":"2014-11-04T09:04:28.967Z"}
{"level":"error","message":"API: helpme is not defined","timestamp":"2014-11-04T09:04:28.970Z"}
{"level":"info","message":"Server run on 0.0.0.0:443 (secure: true)","timestamp":"2014-11-04T09:07:04.261Z"}
{"level":"info","message":"REQUEST 1415092036480 GET /messages/error","timestamp":"2014-11-04T09:07:16.486Z"}
{"level":"error","message":"ERROR: helpme is not defined","timestamp":"2014-11-04T09:07:16.496Z"}
{"level":"info","message":"REQUEST 1415092042266 GET /messages/er","timestamp":"2014-11-04T09:07:22.266Z"}
{"level":"error","message":"ERROR: Bad params: id","timestamp":"2014-11-04T09:07:22.266Z"}
{"level":"info","message":"REQUEST 1415092050308 GET /messa","timestamp":"2014-11-04T09:07:30.309Z"}
{"level":"info","message":"REQUEST 1415092058838 GET /messages","timestamp":"2014-11-04T09:07:38.837Z"}
{"level":"error","message":"ERROR: Bad user id","timestamp":"2014-11-04T09:07:38.840Z"}
{"level":"info","message":"REQUEST 1415092066647 GET /messages/fd","timestamp":"2014-11-04T09:07:46.645Z"}
{"level":"error","message":"ERROR: Bad params: id","timestamp":"2014-11-04T09:07:46.647Z"}
{"level":"info","message":"REQUEST 1415092071261 GET /messages/44","timestamp":"2014-11-04T09:07:51.259Z"}
{"level":"info","message":"Server run on 0.0.0.0:443 (secure: true)","timestamp":"2014-11-04T09:15:10.195Z"}
{"level":"info","message":"REQUEST 1415092517685 GET /messages/44","timestamp":"2014-11-04T09:15:17.691Z"}
{"level":"info","message":"REQUEST 1415092521822 GET /messages/44d","timestamp":"2014-11-04T09:15:21.825Z"}
{"level":"error","message":"ERROR: [object Object]","timestamp":"2014-11-04T09:15:21.830Z"}
{"level":"info","message":"REQUEST 1415092528590 GET /message","timestamp":"2014-11-04T09:15:28.590Z"}
{"level":"info","message":"REQUEST 1415092537489 GET /messages/error","timestamp":"2014-11-04T09:15:37.488Z"}
{"level":"error","message":"ERROR: helpme is not defined","timestamp":"2014-11-04T09:15:37.555Z"}
{"level":"info","message":"Server run on 0.0.0.0:443 (secure: true)","timestamp":"2014-11-04T09:18:13.603Z"}
{"level":"info","message":"REQUEST 1415092706043 GET /messages/error","timestamp":"2014-11-04T09:18:26.050Z"}
{"level":"error","message":"ERROR: helpme is not defined","timestamp":"2014-11-04T09:18:26.061Z"}
{"level":"info","message":"REQUEST 1415092710683 GET /messages/er","timestamp":"2014-11-04T09:18:30.684Z"}
{"level":"error","message":"ERROR: [object Object]","timestamp":"2014-11-04T09:18:30.688Z"}
{"level":"info","message":"REQUEST 1415092721118 GET /messages/456","timestamp":"2014-11-04T09:18:41.120Z"}
{"level":"info","message":"REQUEST 1415092728936 GET /messages/456d","timestamp":"2014-11-04T09:18:48.936Z"}
{"level":"error","message":"ERROR: [object Object]","timestamp":"2014-11-04T09:18:48.939Z"}
{"level":"info","message":"REQUEST 1415092736842 GET /messages/456","timestamp":"2014-11-04T09:18:56.838Z"}
{"level":"info","message":"Server run on 0.0.0.0:443 (secure: true)","timestamp":"2014-11-04T09:20:07.190Z"}
{"level":"info","message":"REQUEST 1415092813116 GET /messages/456","timestamp":"2014-11-04T09:20:13.122Z"}
{"level":"info","message":"REQUEST 1415092816602 GET /messages/456f","timestamp":"2014-11-04T09:20:16.601Z"}
{"level":"error","message":"ERROR: [object Object]","timestamp":"2014-11-04T09:20:16.601Z"}
{"domain":{"domain":null,"_events":{},"_maxListeners":10,"members":[]},"domainThrown":true,"level":"error","message":"serverDomain: ","timestamp":"2014-11-04T09:25:01.139Z"}
{"domain":{"domain":null,"_events":{},"_maxListeners":10,"members":[]},"domainThrown":true,"level":"error","message":"serverDomain: ","timestamp":"2014-11-04T09:25:50.114Z"}
{"level":"info","message":"Server run on 0.0.0.0:443 (secure: true)","timestamp":"2014-11-04T09:26:13.984Z"}
{"level":"info","message":"REQUEST 1415093181498 GET /messages/456f","timestamp":"2014-11-04T09:26:21.504Z"}
{"level":"error","message":"ERROR: [object Object]","timestamp":"2014-11-04T09:26:21.511Z"}
{"level":"info","message":"REQUEST 1415093184751 GET /messages/456f","timestamp":"2014-11-04T09:26:24.753Z"}
{"level":"error","message":"ERROR: [object Object]","timestamp":"2014-11-04T09:26:24.760Z"}
{"level":"info","message":"REQUEST 1415093189145 GET /messages/456","timestamp":"2014-11-04T09:26:29.146Z"}
{"level":"info","message":"REQUEST 1415093194139 GET /messages/","timestamp":"2014-11-04T09:26:34.136Z"}
{"level":"error","message":"ERROR: [object Object]","timestamp":"2014-11-04T09:26:34.152Z"}
{"level":"info","message":"REQUEST 1415093199300 GET /messages/error","timestamp":"2014-11-04T09:26:39.299Z"}
{"level":"error","message":"ERROR: helpme is not defined","timestamp":"2014-11-04T09:26:39.303Z"}
{"level":"info","message":"Server run on 0.0.0.0:443 (secure: true)","timestamp":"2014-11-04T12:48:33.995Z"}
{"level":"info","message":"REQUEST 1415105625050 GET /messages/error","timestamp":"2014-11-04T12:53:45.054Z"}
{"level":"info","message":"REQUEST 1415105633333 GET /messages/erro","timestamp":"2014-11-04T12:53:53.336Z"}
{"level":"info","message":"REQUEST 1415105638354 GET /messages/","timestamp":"2014-11-04T12:53:58.356Z"}
{"level":"info","message":"REQUEST 1415105643622 GET /messages/456","timestamp":"2014-11-04T12:54:03.623Z"}
{"level":"info","message":"REQUEST 1415105649055 GET /messages/456d","timestamp":"2014-11-04T12:54:09.055Z"}
{"level":"info","message":"Server run on 0.0.0.0:443 (secure: true)","timestamp":"2014-11-04T13:21:13.227Z"}
{"level":"info","message":"REQUEST 1415107306264 GET /messages/456","timestamp":"2014-11-04T13:21:46.272Z"}
{"level":"info","message":"REQUEST 1415107310729 GET /messages/456f","timestamp":"2014-11-04T13:21:50.728Z"}
{"level":"info","message":"Server run on 0.0.0.0:443 (secure: true)","timestamp":"2014-11-04T13:26:21.328Z"}
{"level":"info","message":"REQUEST 1415107595280 GET /messages/456","timestamp":"2014-11-04T13:26:35.288Z"}
{"level":"info","message":"REQUEST 1415107599507 GET /messages/456hgj","timestamp":"2014-11-04T13:26:39.510Z"}
{"level":"info","message":"REQUEST 1415108416963 GET /messages/456","timestamp":"2014-11-04T13:40:16.965Z"}
{"level":"info","message":"REQUEST 1415108691923 GET /messages/456gh","timestamp":"2014-11-04T13:44:51.924Z"}
{"level":"info","message":"Server run on 0.0.0.0:443 (secure: true)","timestamp":"2014-11-04T13:59:49.812Z"}
{"level":"info","message":"REQUEST 1415109611319 GET /messages/456gh","timestamp":"2014-11-04T14:00:11.323Z"}
{"level":"info","message":"REQUEST 1415109620514 GET /messages/456","timestamp":"2014-11-04T14:00:20.513Z"}
{"level":"info","message":"REQUEST 1415109623415 GET /messages/error","timestamp":"2014-11-04T14:00:23.417Z"}
{"level":"error","message":"Express: Unexpected token h","timestamp":"2014-11-04T14:00:23.429Z"}
{"level":"info","message":"Server run on 0.0.0.0:443 (secure: true)","timestamp":"2014-11-04T14:16:20.159Z"}
{"level":"error","message":"Express: Unexpected token h","timestamp":"2014-11-04T14:16:35.169Z"}
{"level":"info","message":"REQUEST 1415110595137 GET /messages/error","timestamp":"2014-11-04T14:16:35.141Z"}
{"level":"error","message":"ERROR: [500] helpme is not defined","timestamp":"2014-11-04T14:16:35.149Z"}
{"level":"info","message":"REQUEST 1415110608879 GET /messages/ef","timestamp":"2014-11-04T14:16:48.878Z"}
{"level":"error","message":"ERROR: [400] Bad params: id","timestamp":"2014-11-04T14:16:48.886Z"}
{"level":"info","message":"Server run on 0.0.0.0:443 (secure: true)","timestamp":"2014-11-04T14:29:00.738Z"}
{"level":"info","message":"REQUEST 1415111442409 GET /messages/ef","timestamp":"2014-11-04T14:30:42.417Z"}
{"level":"error","message":"ERROR: {\"cod\":400, \"msg\":\"Bad params: id\"}","timestamp":"2014-11-04T14:30:42.421Z"}
{"level":"info","message":"REQUEST 1415111446872 GET /messages/","timestamp":"2014-11-04T14:30:46.876Z"}
{"level":"error","message":"ERROR: {\"cod\":400, \"msg\":\"Bad user id\"}","timestamp":"2014-11-04T14:30:46.876Z"}
{"level":"info","message":"REQUEST 1415111456222 GET /messages/444","timestamp":"2014-11-04T14:30:56.224Z"}
{"level":"info","message":"REQUEST 1415111465268 GET /messages/4444t","timestamp":"2014-11-04T14:31:05.265Z"}
{"level":"error","message":"ERROR: {\"cod\":400, \"msg\":\"Bad params: id\"}","timestamp":"2014-11-04T14:31:05.269Z"}
{"level":"info","message":"REQUEST 1415111474104 GET /messages/error","timestamp":"2014-11-04T14:31:14.110Z"}
{"level":"error","message":"ERROR: helpme is not defined","timestamp":"2014-11-04T14:31:14.118Z"}
{"level":"info","message":"Server run on 0.0.0.0:443 (secure: true)","timestamp":"2014-11-04T14:34:42.289Z"}
{"level":"info","message":"REQUEST 1415111703048 GET /messages/err","timestamp":"2014-11-04T14:35:03.052Z"}
{"level":"error","message":"ERROR: {\"cod\":400, \"msg\":\"Bad params: id\"} Error: {\"cod\":400, \"msg\":\"Bad params: id\"}\n    at C:\\NodeAPI\\node_modules\\api_v1\\lib\\api_messages.js:67:9\n    at paramCallback (C:\\NodeAPI\\node_modules\\express\\lib\\router\\index.js:385:7)\n    at param (C:\\NodeAPI\\node_modules\\express\\lib\\router\\index.js:365:5)\n    at Function.proto.process_params (C:\\NodeAPI\\node_modules\\express\\lib\\router\\index.js:391:3)\n    at C:\\NodeAPI\\node_modules\\express\\lib\\router\\index.js:228:12\n    at Function.match_layer (C:\\NodeAPI\\node_modules\\express\\lib\\router\\index.js:295:3)\n    at next (C:\\NodeAPI\\node_modules\\express\\lib\\router\\index.js:189:10)\n    at C:\\NodeAPI\\node_modules\\express\\lib\\router\\index.js:191:16\n    at Function.match_layer (C:\\NodeAPI\\node_modules\\express\\lib\\router\\index.js:295:3)\n    at next (C:\\NodeAPI\\node_modules\\express\\lib\\router\\index.js:189:10)","timestamp":"2014-11-04T14:35:03.068Z"}
{"level":"info","message":"REQUEST 1415111707986 GET /messages/error","timestamp":"2014-11-04T14:35:07.989Z"}
{"level":"error","message":"ERROR: helpme is not defined ReferenceError: helpme is not defined\n    at C:\\NodeAPI\\node_modules\\api_v1\\lib\\api_messages.js:26:4\n    at Layer.handle [as handle_request] (C:\\NodeAPI\\node_modules\\express\\lib\\router\\layer.js:82:5)\n    at next (C:\\NodeAPI\\node_modules\\express\\lib\\router\\route.js:100:13)\n    at Route.dispatch (C:\\NodeAPI\\node_modules\\express\\lib\\router\\route.js:81:3)\n    at Layer.handle [as handle_request] (C:\\NodeAPI\\node_modules\\express\\lib\\router\\layer.js:82:5)\n    at C:\\NodeAPI\\node_modules\\express\\lib\\router\\index.js:234:24\n    at Function.proto.process_params (C:\\NodeAPI\\node_modules\\express\\lib\\router\\index.js:312:12)\n    at C:\\NodeAPI\\node_modules\\express\\lib\\router\\index.js:228:12\n    at Function.match_layer (C:\\NodeAPI\\node_modules\\express\\lib\\router\\index.js:295:3)\n    at next (C:\\NodeAPI\\node_modules\\express\\lib\\router\\index.js:189:10)","timestamp":"2014-11-04T14:35:07.997Z"}
{"level":"info","message":"Server run on 0.0.0.0:443 (secure: true)","timestamp":"2014-11-04T14:38:07.050Z"}
{"level":"info","message":"REQUEST 1415111897952 GET /messages/error","timestamp":"2014-11-04T14:38:17.960Z"}
{"level":"error","message":"ERROR: helpme is not defined ReferenceError: helpme is not defined\n    at C:\\NodeAPI\\node_modules\\api_v1\\lib\\api_messages.js:26:4\n    at Layer.handle [as handle_request] (C:\\NodeAPI\\node_modules\\express\\lib\\router\\layer.js:82:5)\n    at next (C:\\NodeAPI\\node_modules\\express\\lib\\router\\route.js:100:13)\n    at Route.dispatch (C:\\NodeAPI\\node_modules\\express\\lib\\router\\route.js:81:3)\n    at Layer.handle [as handle_request] (C:\\NodeAPI\\node_modules\\express\\lib\\router\\layer.js:82:5)\n    at C:\\NodeAPI\\node_modules\\express\\lib\\router\\index.js:234:24\n    at Function.proto.process_params (C:\\NodeAPI\\node_modules\\express\\lib\\router\\index.js:312:12)\n    at C:\\NodeAPI\\node_modules\\express\\lib\\router\\index.js:228:12\n    at Function.match_layer (C:\\NodeAPI\\node_modules\\express\\lib\\router\\index.js:295:3)\n    at next (C:\\NodeAPI\\node_modules\\express\\lib\\router\\index.js:189:10)","timestamp":"2014-11-04T14:38:17.976Z"}
{"level":"info","message":"REQUEST 1415111923072 GET /messages/ff","timestamp":"2014-11-04T14:38:43.071Z"}
{"level":"info","message":"ERROR: [400] Bad params: id","timestamp":"2014-11-04T14:38:43.071Z"}
{"level":"info","message":"Server run on 0.0.0.0:443 (secure: true)","timestamp":"2014-11-04T14:40:09.830Z"}
{"level":"info","message":"REQUEST 1415112018044 GET /messages/ff","timestamp":"2014-11-04T14:40:18.052Z"}
{"level":"info","message":"ERROR: [1415112018044_400] Bad params: id","timestamp":"2014-11-04T14:40:18.060Z"}
{"level":"info","message":"Server run on 0.0.0.0:443 (secure: true)","timestamp":"2014-11-04T14:41:25.355Z"}
{"level":"info","message":"REQUEST 1415112108852 GET /messages/ff","timestamp":"2014-11-04T14:41:48.860Z"}
{"level":"info","message":"ERROR 1415112108852 [400] Bad params: id","timestamp":"2014-11-04T14:41:48.864Z"}
{"level":"info","message":"REQUEST 1415112114938 GET /messages/44","timestamp":"2014-11-04T14:41:54.937Z"}
{"level":"info","message":"REQUEST 1415112121831 GET /messages/error","timestamp":"2014-11-04T14:42:01.829Z"}
{"level":"error","message":"ERROR helpme is not defined ReferenceError: helpme is not defined\n    at C:\\NodeAPI\\node_modules\\api_v1\\lib\\api_messages.js:26:4\n    at Layer.handle [as handle_request] (C:\\NodeAPI\\node_modules\\express\\lib\\router\\layer.js:82:5)\n    at next (C:\\NodeAPI\\node_modules\\express\\lib\\router\\route.js:100:13)\n    at Route.dispatch (C:\\NodeAPI\\node_modules\\express\\lib\\router\\route.js:81:3)\n    at Layer.handle [as handle_request] (C:\\NodeAPI\\node_modules\\express\\lib\\router\\layer.js:82:5)\n    at C:\\NodeAPI\\node_modules\\express\\lib\\router\\index.js:234:24\n    at Function.proto.process_params (C:\\NodeAPI\\node_modules\\express\\lib\\router\\index.js:312:12)\n    at C:\\NodeAPI\\node_modules\\express\\lib\\router\\index.js:228:12\n    at Function.match_layer (C:\\NodeAPI\\node_modules\\express\\lib\\router\\index.js:295:3)\n    at next (C:\\NodeAPI\\node_modules\\express\\lib\\router\\index.js:189:10)","timestamp":"2014-11-04T14:42:01.846Z"}
{"level":"info","message":"Server run on 0.0.0.0:443 (secure: true)","timestamp":"2014-11-04T14:44:14.380Z"}
{"level":"info","message":"REQUEST 1415112259579 GET /messages/error","timestamp":"2014-11-04T14:44:19.583Z"}
{"level":"error","message":"ERROR 1415112259579 helpme is not defined ReferenceError: helpme is not defined\n    at C:\\NodeAPI\\node_modules\\api_v1\\lib\\api_messages.js:26:4\n    at Layer.handle [as handle_request] (C:\\NodeAPI\\node_modules\\express\\lib\\router\\layer.js:82:5)\n    at next (C:\\NodeAPI\\node_modules\\express\\lib\\router\\route.js:100:13)\n    at Route.dispatch (C:\\NodeAPI\\node_modules\\express\\lib\\router\\route.js:81:3)\n    at Layer.handle [as handle_request] (C:\\NodeAPI\\node_modules\\express\\lib\\router\\layer.js:82:5)\n    at C:\\NodeAPI\\node_modules\\express\\lib\\router\\index.js:234:24\n    at Function.proto.process_params (C:\\NodeAPI\\node_modules\\express\\lib\\router\\index.js:312:12)\n    at C:\\NodeAPI\\node_modules\\express\\lib\\router\\index.js:228:12\n    at Function.match_layer (C:\\NodeAPI\\node_modules\\express\\lib\\router\\index.js:295:3)\n    at next (C:\\NodeAPI\\node_modules\\express\\lib\\router\\index.js:189:10)","timestamp":"2014-11-04T14:44:19.603Z"}
{"level":"info","message":"REQUEST 1415112262830 GET /messages/err","timestamp":"2014-11-04T14:44:22.829Z"}
{"level":"info","message":"ERROR 1415112262830 [400] Bad id params","timestamp":"2014-11-04T14:44:22.837Z"}
{"level":"info","message":"REQUEST 1415112268657 GET /messages/","timestamp":"2014-11-04T14:44:28.655Z"}
{"level":"info","message":"ERROR 1415112268657 [400] Empty ID","timestamp":"2014-11-04T14:44:28.659Z"}
{"level":"info","message":"Server run on 0.0.0.0:443 (secure: true)","timestamp":"2014-11-04T14:47:48.461Z"}
{"level":"info","message":"REQUEST 1415112477806 GET /messages/","timestamp":"2014-11-04T14:47:57.810Z"}
{"level":"info","message":"ERROR 1415112477806 [400] empty id","timestamp":"2014-11-04T14:47:57.814Z"}
{"level":"info","message":"REQUEST 1415112482405 GET /message","timestamp":"2014-11-04T14:48:02.408Z"}
{"level":"info","message":"REQUEST 1415112490955 GET /","timestamp":"2014-11-04T14:48:10.957Z"}
{"level":"info","message":"ERROR 1415112490955 [400] Unknow request /","timestamp":"2014-11-04T14:48:10.961Z"}
{"level":"info","message":"REQUEST 1415112507167 GET /k","timestamp":"2014-11-04T14:48:27.164Z"}
{"level":"info","message":"REQUEST 1415112513836 GET /","timestamp":"2014-11-04T14:48:33.836Z"}
{"level":"info","message":"ERROR 1415112513836 [400] Unknow request /","timestamp":"2014-11-04T14:48:33.836Z"}
{"level":"info","message":"Server run on 0.0.0.0:443 (secure: true)","timestamp":"2014-11-04T14:52:10.316Z"}
{"level":"info","message":"REQUEST 1415112737273 GET /","timestamp":"2014-11-04T14:52:17.277Z"}
{"level":"info","message":"ERROR 1415112737273 [400] Unknow request GET /","timestamp":"2014-11-04T14:52:17.281Z"}
{"level":"info","message":"REQUEST 1415112742689 GET /","timestamp":"2014-11-04T14:52:22.688Z"}
{"level":"info","message":"ERROR 1415112742689 [400] Unknow request GET /","timestamp":"2014-11-04T14:52:22.688Z"}
{"level":"info","message":"REQUEST 1415112749859 GET /messages","timestamp":"2014-11-04T14:52:29.861Z"}
{"level":"info","message":"ERROR 1415112749859 [400] empty id","timestamp":"2014-11-04T14:52:29.861Z"}
{"level":"info","message":"REQUEST 1415112756707 GET /messages/","timestamp":"2014-11-04T14:52:36.704Z"}
{"level":"info","message":"ERROR 1415112756707 [400] empty id","timestamp":"2014-11-04T14:52:36.708Z"}
{"level":"info","message":"REQUEST 1415112761468 GET /messages/67","timestamp":"2014-11-04T14:52:41.468Z"}
{"level":"info","message":"REQUEST 1415112766695 GET /messages/67h","timestamp":"2014-11-04T14:52:46.694Z"}
{"level":"info","message":"ERROR 1415112766695 [400] Bad id params","timestamp":"2014-11-04T14:52:46.698Z"}
{"level":"info","message":"REQUEST 1415112776446 GET /messages/error","timestamp":"2014-11-04T14:52:56.447Z"}
{"level":"error","message":"ERROR 1415112776446 [500] helpme is not defined ReferenceError: helpme is not defined\n    at C:\\NodeAPI\\node_modules\\api_v1\\lib\\api_messages.js:26:4\n    at Layer.handle [as handle_request] (C:\\NodeAPI\\node_modules\\express\\lib\\router\\layer.js:82:5)\n    at next (C:\\NodeAPI\\node_modules\\express\\lib\\router\\route.js:100:13)\n    at Route.dispatch (C:\\NodeAPI\\node_modules\\express\\lib\\router\\route.js:81:3)\n    at Layer.handle [as handle_request] (C:\\NodeAPI\\node_modules\\express\\lib\\router\\layer.js:82:5)\n    at C:\\NodeAPI\\node_modules\\express\\lib\\router\\index.js:234:24\n    at Function.proto.process_params (C:\\NodeAPI\\node_modules\\express\\lib\\router\\index.js:312:12)\n    at C:\\NodeAPI\\node_modules\\express\\lib\\router\\index.js:228:12\n    at Function.match_layer (C:\\NodeAPI\\node_modules\\express\\lib\\router\\index.js:295:3)\n    at next (C:\\NodeAPI\\node_modules\\express\\lib\\router\\index.js:189:10)","timestamp":"2014-11-04T14:52:56.455Z"}
{"level":"info","message":"Server run on 0.0.0.0:443 (secure: true)","timestamp":"2015-02-18T16:10:31.418Z"}
{"level":"info","message":"Server run on 0.0.0.0:443 (secure: true)","timestamp":"2015-04-19T19:37:52.562Z"}
